<?xml version="1.0" encoding="UTF-8"?>
<!-- Generated by org.testng.reporters.JUnitReportReporter -->
<testsuite name="qaclickacademy.Mavenjava.AppiumTest" tests="2" time="0.024" ignored="0" failures="0" timestamp="20 Jun 2020 08:35:01 GMT" skipped="0" hostname="USER-PC" errors="0">
  <testcase name="nativeAppAndroid" time="0.001" classname="qaclickacademy.Mavenjava.AppiumTest"/>
  <testcase name="IOSApps" time="0.023" classname="qaclickacademy.Mavenjava.AppiumTest"/>
</testsuite> <!-- qaclickacademy.Mavenjava.AppiumTest -->
