<?xml version="1.0" encoding="UTF-8"?>
<!-- Generated by org.testng.reporters.JUnitReportReporter -->
<testsuite name="qaclickacademy.Mavenjava.SeleniumTest" tests="2" time="0.007" ignored="0" failures="0" timestamp="20 Jun 2020 08:35:01 GMT" skipped="0" hostname="USER-PC" errors="0">
  <testcase name="elementUi" time="0.001" classname="qaclickacademy.Mavenjava.SeleniumTest"/>
  <testcase name="browserAutomation" time="0.006" classname="qaclickacademy.Mavenjava.SeleniumTest"/>
</testsuite> <!-- qaclickacademy.Mavenjava.SeleniumTest -->
