<?xml version="1.0" encoding="UTF-8"?>
<!-- Generated by org.testng.reporters.JUnitReportReporter -->
<testsuite skipped="0" hostname="USER-PC" name="qaclickacademy.Mavenjava.SeleniumTest" tests="2" failures="0" timestamp="21 Jun 2020 07:15:49 GMT" time="0.002" errors="0">
  <testcase name="elementUi" time="0.001" classname="qaclickacademy.Mavenjava.SeleniumTest"/>
  <testcase name="browserAutomation" time="0.001" classname="qaclickacademy.Mavenjava.SeleniumTest"/>
</testsuite> <!-- qaclickacademy.Mavenjava.SeleniumTest -->
