<?xml version="1.0" encoding="UTF-8"?>
<!-- Generated by org.testng.reporters.JUnitReportReporter -->
<testsuite skipped="0" hostname="USER-PC" name="qaclickacademy.Mavenjava.AppiumTest" tests="2" failures="0" timestamp="21 Jun 2020 07:15:49 GMT" time="0.008" errors="0">
  <testcase name="IOSApps" time="0.007" classname="qaclickacademy.Mavenjava.AppiumTest"/>
  <testcase name="nativeAppAndroid" time="0.001" classname="qaclickacademy.Mavenjava.AppiumTest"/>
</testsuite> <!-- qaclickacademy.Mavenjava.AppiumTest -->
